0.9889447
0.21256424
0.016912043
0.020109847
0.98207456
0.45879543
0.020010823
0.014469501
0.016213052
0.050974775
0.5242374
0.90554434
0.02638621
0.021158403
0.01708121
0.01644192
0.76760465
0.9747269
0.017849013
0.022901917
0.018494083
0.01542091
0.021421302
0.9823117
0.9843888
0.016905637
0.15534611
0.9867845
0.01878542
0.9871198
0.9853978
0.9883034
0.035714637
0.98565686
0.03442473
0.98094636
0.014682924
0.13523953
0.9855612
0.92738783
0.9878912
0.9872377
0.01951392
0.019161996
0.98509604
0.98819155
0.035145257
0.01584435
0.018835504
0.016040718
0.02026268
0.033243194
0.98555124
0.028144524
0.98880416
0.9886176
0.98396146
0.021355063
0.9863592
0.05615151
0.89948165
0.15801647
0.017657064
0.02059658
0.021288123
0.986527
0.019742323
0.014522471
0.921109
0.9626799
0.024324084
0.02536659
0.01803104
0.019567683
0.98804796
0.01465687
0.02530758
0.7938168
0.30307463
0.08982919
0.017578498
0.98844516
0.015306944
0.025702814
0.98270124
0.98812616
0.013912214
0.11038902
0.020540457
0.9795925
0.015197461
0.98750275
0.016105285
0.98854584
0.9877345
0.019591032
0.9884067
0.01682124
0.98489875
0.989106
0.93075025
0.01635396
0.014137406
0.014893352
0.020089945
0.03775464
0.0145932175
0.46903905
0.01913766
0.98854303
0.9878493
0.17687908
0.9881919
0.9849914
0.9859526
0.98209685
0.98389006
0.016429303
0.98748255
0.022430005
0.015640052
0.7795213
0.036916718
0.014862386
0.018065333
0.96840894
0.2009469
0.118220404
0.9871307
0.9863799
0.01698207
0.9872479
0.017448876
0.9890932
0.024300354
0.019160982
0.98772717
0.01401095
0.9879596
0.06380986
0.01903426
0.09544837
0.015033843
0.9791012
0.30507097
0.015270534
0.98622036
0.53146183
0.9885931
0.013638484
0.019112028
0.9880576
0.020194026
0.6097445
0.98846006
0.043060627
0.98803747
0.029587585
0.9874436
0.024581214
0.016617035
0.015625443
0.09354835
0.022898437
0.015620799
0.97610563
0.97126985
0.017111924
0.019433673
0.021251082
0.031435624
0.98732644
0.03126
0.02094546
0.021409325
0.020185867
0.029924998
0.022282867
0.10576728
0.9307566
0.01850511
0.017410593
0.9568495
0.98466104
0.03507751
0.9881799
0.98799497
0.014716965
0.98904747
0.02290123
0.07391727
0.035442233
0.14970312
0.9501689
0.014900441
0.024000484
0.9861492
0.036990706
0.0151115125
0.017401068
0.1292334
0.9890274
0.988591
0.021208797
0.015624937
0.018679487
0.9890534
0.803836
0.9868895
0.98022985
0.08597786
0.015513301
0.98901516
0.9884496
0.9884615
0.9857114
0.9877779
0.9861894
0.97247285
0.031405013
0.98797053
0.03356471
0.9887433
0.9874915
0.9862975
0.98627454
0.9884897
0.9882246
0.018396579
0.9887333
0.98636
0.9887312
0.97812814
0.041212708
0.16549195
0.9882119
0.9799398
0.98672545
0.987901
0.039622042
0.9883648
0.98890346
0.97540456
0.9838267
0.9890652
0.988241
0.020948984
0.055221763
0.9826652
0.022406481
0.32433373
0.956253
0.19987263
0.015823299
0.9880602
0.97857785
0.98834294
0.98829716
0.9892476
0.07761662
0.025744284
0.97767466
0.9892396
0.017195353
0.9878945
0.65733284
0.9883023
0.027566742
0.027295873
0.9813116
0.9888644
0.98726964
0.03775437
0.022479387
0.9880094
0.03782874
0.98689854
0.9886761
0.013871845
0.98799896
0.17653091
0.9886568
0.98814464
0.98829633
0.988567
0.9843128
0.9855592
0.98642784
0.9736857
0.98712105
0.9886642
0.9884022
0.42687726
0.9843311
0.032047585
0.93135434
0.023927063
0.16600125
0.032346744
0.9845232
0.9886197
0.02150891
0.9669486
0.98920983
0.93419605
0.98758566
0.9865833
0.9883371
0.9853881
0.9860563
0.9888466
0.022246266
0.96248156
0.020321205
0.98860246
0.98119444
0.98869497
0.97082204
0.98874986
0.9885522
0.98881
0.98914343
0.9866796
0.98921573
0.98732543
0.988325
0.98850995
0.029719312
0.19289246
0.9859744
0.98887944
0.9887328
0.029835189
0.016652776
0.9888855
0.01674983
0.98810005
0.98934805
0.98835504
0.056408037
0.9863669
0.98881334
0.018285507
0.9866832
0.42245683
0.015689623
0.4295682
0.018891951
0.988931
0.3789994
0.015704365
0.98163646
0.9866063
0.9883736
0.9773615
0.040494237
0.9768957
0.9887476
0.82294804
0.98808926
0.05008537
0.9866788
0.9884425
0.98610896
0.017062327
0.055458087
0.9889213
0.9725792
0.15672472
0.025269479
0.983958
0.98640126
0.986413
0.9888123
0.028854461
0.9892157
0.98858994
0.9857487
0.025486736
0.98909503
0.024285989
0.9884602
0.9859098
0.98925894
0.9752415
0.9882786
0.017799497
0.9892526
0.10580957
0.98841906
0.9885987
0.018788522
0.015615361
0.015056781
0.9892848
0.98784
0.02299646
0.021747878
0.9891804
0.98714614